Performing C SOURCE FILE Test CMAKE_HAVE_LIBC_PTHREAD failed with the following output:
Change Dir: /home/sjtuwhl/ROBOTLAB_WS/src/cmake-build-debug/CMakeFiles/CMakeTmp

Run Build Command(s):/usr/bin/make cmTC_cc687/fast && /usr/bin/make -f CMakeFiles/cmTC_cc687.dir/build.make CMakeFiles/cmTC_cc687.dir/build
make[1]: Entering directory '/home/sjtuwhl/ROBOTLAB_WS/src/cmake-build-debug/CMakeFiles/CMakeTmp'
Building C object CMakeFiles/cmTC_cc687.dir/src.c.o
/usr/bin/cc   -DCMAKE_HAVE_LIBC_PTHREAD   -o CMakeFiles/cmTC_cc687.dir/src.c.o   -c /home/sjtuwhl/ROBOTLAB_WS/src/cmake-build-debug/CMakeFiles/CMakeTmp/src.c
Linking C executable cmTC_cc687
/home/sjtuwhl/.local/share/JetBrains/Toolbox/apps/CLion/ch-0/192.7142.39/bin/cmake/linux/bin/cmake -E cmake_link_script CMakeFiles/cmTC_cc687.dir/link.txt --verbose=1
/usr/bin/cc  -DCMAKE_HAVE_LIBC_PTHREAD    -rdynamic CMakeFiles/cmTC_cc687.dir/src.c.o  -o cmTC_cc687 
CMakeFiles/cmTC_cc687.dir/src.c.o: In function `main':
src.c:(.text+0x3e): undefined reference to `pthread_create'
src.c:(.text+0x4a): undefined reference to `pthread_detach'
src.c:(.text+0x5b): undefined reference to `pthread_join'
src.c:(.text+0x6f): undefined reference to `pthread_atfork'
collect2: error: ld returned 1 exit status
CMakeFiles/cmTC_cc687.dir/build.make:86: recipe for target 'cmTC_cc687' failed
make[1]: *** [cmTC_cc687] Error 1
make[1]: Leaving directory '/home/sjtuwhl/ROBOTLAB_WS/src/cmake-build-debug/CMakeFiles/CMakeTmp'
Makefile:121: recipe for target 'cmTC_cc687/fast' failed
make: *** [cmTC_cc687/fast] Error 2


Source file was:
#include <pthread.h>

void* test_func(void* data)
{
  return data;
}

int main(void)
{
  pthread_t thread;
  pthread_create(&thread, NULL, test_func, NULL);
  pthread_detach(thread);
  pthread_join(thread, NULL);
  pthread_atfork(NULL, NULL, NULL);
  pthread_exit(NULL);

  return 0;
}

Determining if the function pthread_create exists in the pthreads failed with the following output:
Change Dir: /home/sjtuwhl/ROBOTLAB_WS/src/cmake-build-debug/CMakeFiles/CMakeTmp

Run Build Command(s):/usr/bin/make cmTC_31c0e/fast && /usr/bin/make -f CMakeFiles/cmTC_31c0e.dir/build.make CMakeFiles/cmTC_31c0e.dir/build
make[1]: Entering directory '/home/sjtuwhl/ROBOTLAB_WS/src/cmake-build-debug/CMakeFiles/CMakeTmp'
Building C object CMakeFiles/cmTC_31c0e.dir/CheckFunctionExists.c.o
/usr/bin/cc   -DCHECK_FUNCTION_EXISTS=pthread_create   -o CMakeFiles/cmTC_31c0e.dir/CheckFunctionExists.c.o   -c /home/sjtuwhl/.local/share/JetBrains/Toolbox/apps/CLion/ch-0/192.7142.39/bin/cmake/linux/share/cmake-3.15/Modules/CheckFunctionExists.c
Linking C executable cmTC_31c0e
/home/sjtuwhl/.local/share/JetBrains/Toolbox/apps/CLion/ch-0/192.7142.39/bin/cmake/linux/bin/cmake -E cmake_link_script CMakeFiles/cmTC_31c0e.dir/link.txt --verbose=1
/usr/bin/cc  -DCHECK_FUNCTION_EXISTS=pthread_create    -rdynamic CMakeFiles/cmTC_31c0e.dir/CheckFunctionExists.c.o  -o cmTC_31c0e -lpthreads 
/usr/bin/ld: cannot find -lpthreads
collect2: error: ld returned 1 exit status
CMakeFiles/cmTC_31c0e.dir/build.make:86: recipe for target 'cmTC_31c0e' failed
make[1]: *** [cmTC_31c0e] Error 1
make[1]: Leaving directory '/home/sjtuwhl/ROBOTLAB_WS/src/cmake-build-debug/CMakeFiles/CMakeTmp'
Makefile:121: recipe for target 'cmTC_31c0e/fast' failed
make: *** [cmTC_31c0e/fast] Error 2



